#
# A fatal error has been detected by the Java Runtime Environment:
#
#  EXCEPTION_ACCESS_VIOLATION (0xc0000005) at pc=0x00007ff9270b8c13, pid=8280, tid=43272
#
# JRE version:  (11.0.20+8) (build )
# Java VM: OpenJDK 64-Bit Server VM (11.0.20+8-LTS, mixed mode, sharing, tiered, compressed oops, g1 gc, windows-amd64)
# Problematic frame:
# V  [jvm.dll+0x1d8c13]
#
# No core dump will be written. Minidumps are not enabled by default on client versions of Windows
#
#

---------------  S U M M A R Y ------------

Command Line: -Dapplication.home=C:\Program Files\Microsoft\jdk-11.0.20.8-hotspot -Xms8m -Djdk.module.main=java.base java.base/sun.security.tools.keytool.Main -list -v -alias androiddebugkey -keystore path-to-debug-or-production-keystore

Host: 11th Gen Intel(R) Core(TM) i7-11370H @ 3.30GHz, 8 cores, 15G,  Windows 11 , 64 bit Build 22621 (10.0.22621.3085)
Time: Sat Feb 24 15:29:54 2024 Mountain Standard Time elapsed time: 0.049352 seconds (0d 0h 0m 0s)

---------------  T H R E A D  ---------------

Current thread (0x0000022712405000):  JavaThread "Unknown thread" [_thread_in_vm, id=43272, stack(0x000000a5ae000000,0x000000a5ae100000)]

Stack: [0x000000a5ae000000,0x000000a5ae100000],  sp=0x000000a5ae0fed20,  free space=1019k
Native frames: (J=compiled Java code, j=interpreted, Vv=VM code, C=native code)
V  [jvm.dll+0x1d8c13]
V  [jvm.dll+0x1d6d63]
V  [jvm.dll+0x36585b]
V  [jvm.dll+0x779130]
V  [jvm.dll+0x3d4c1f]
V  [jvm.dll+0x3d6fb1]
C  [jli.dll+0x5227]
C  [ucrtbase.dll+0x29363]
C  [KERNEL32.DLL+0x1257d]
C  [ntdll.dll+0x5aa58]


siginfo: EXCEPTION_ACCESS_VIOLATION (0xc0000005), reading address 0x0000000000000000


Registers:
RAX=0x0000a256d6b2c48d, RBX=0x0000000000000000, RCX=0x0000000000000000, RDX=0x0000000000000000
RSP=0x000000a5ae0fed20, RBP=0x0000000000000000, RSI=0x0000022712405000, RDI=0x0000000000000000
R8 =0x0000000000000000, R9 =0x0000000000000000, R10=0x0000000000000000, R11=0x000000a5ae0feae0
R12=0x0000000000000000, R13=0x00007ff9274b85c0, R14=0x0000022710312c28, R15=0x000000a5ae0ffa68
RIP=0x00007ff9270b8c13, EFLAGS=0x0000000000010256

Top of Stack: (sp=0x000000a5ae0fed20)
0x000000a5ae0fed20:   0000022710321f90 00007ff9271b3258
0x000000a5ae0fed30:   000000a5ae0ffa68 0000000000000400
0x000000a5ae0fed40:   0000000000000000 0000022712405000
0x000000a5ae0fed50:   00009c8e1377609d 00007ff9274b85c0
0x000000a5ae0fed60:   000000a5ae0fee40 0000022710312c28
0x000000a5ae0fed70:   00007ff9274b85c0 0000000000000000
0x000000a5ae0fed80:   000000a5ae0ffa68 0000000000000000
0x000000a5ae0fed90:   00007ff9a0c80000 00007ff92778a3d8
0x000000a5ae0feda0:   00007ff9270b6c0a 00007ff9c4c4234c
0x000000a5ae0fedb0:   000000a5ae0fee40 0000000000000001
0x000000a5ae0fedc0:   0000a256d6b2c48d 0000022710312c28
0x000000a5ae0fedd0:   00007ff900000000 00007ff9274b85c0
0x000000a5ae0fede0:   0000022712405000 000000a5ae0fef00
0x000000a5ae0fedf0:   0000000000000000 00007ff9270b6d63
0x000000a5ae0fee00:   00007ff9a0c60000 00007ff9a0c8d0e0
0x000000a5ae0fee10:   000000a5ae0fef00 0000022712405000 

Instructions: (pc=0x00007ff9270b8c13)
0x00007ff9270b8b13:   f0 ff 15 86 9d 61 00 48 8b cb 41 b1 01 48 2b 8c
0x00007ff9270b8b23:   24 90 00 00 00 45 33 c0 33 d2 c6 04 31 00 48 8b
0x00007ff9270b8b33:   ce e8 b7 0b 00 00 42 80 3c 33 3b 4a 8d 3c 33 75
0x00007ff9270b8b43:   1c 0f 1f 40 00 0f 1f 84 00 00 00 00 00 48 ff c3
0x00007ff9270b8b53:   ff c5 42 80 3c 33 3b 4a 8d 3c 33 74 f0 49 83 3c
0x00007ff9270b8b63:   24 00 74 18 48 8b 94 24 98 00 00 00 49 8b cf e8
0x00007ff9270b8b73:   19 a3 ee ff 49 8b cc e8 81 a2 ee ff 48 8b 44 24
0x00007ff9270b8b83:   20 48 8d 4c 24 30 49 89 47 18 48 8b 44 24 28 49
0x00007ff9270b8b93:   89 47 20 4d 89 67 10 e8 f1 b0 0f 00 44 8b ed 48
0x00007ff9270b8ba3:   89 9c 24 90 00 00 00 48 3b 5c 24 38 0f 8c cd fe
0x00007ff9270b8bb3:   ff ff 4c 8b 7c 24 40 4c 8b 64 24 48 48 8b 7c 24
0x00007ff9270b8bc3:   50 48 8b 74 24 58 48 8b 9c 24 80 00 00 00 48 83
0x00007ff9270b8bd3:   c4 60 41 5e 41 5d 5d c3 cc cc cc cc cc 40 53 55
0x00007ff9270b8be3:   56 41 55 48 81 ec b8 00 00 00 48 8b 05 14 25 8b
0x00007ff9270b8bf3:   00 48 33 c4 48 89 84 24 a0 00 00 00 48 8b e9 48
0x00007ff9270b8c03:   c7 c3 ff ff ff ff 0f 1f 80 00 00 00 00 48 ff c3
0x00007ff9270b8c13:   80 3c 0b 00 75 f7 33 f6 c6 44 24 30 01 40 38 35
0x00007ff9270b8c23:   15 58 8e 00 74 17 40 38 35 81 bd 8d 00 75 0e 33
0x00007ff9270b8c33:   d2 48 8d 0d c5 15 6d 00 e8 90 93 1a 00 45 33 ed
0x00007ff9270b8c43:   85 db 0f 8e 11 02 00 00 48 89 bc 24 e8 00 00 00
0x00007ff9270b8c53:   48 8b fd 4c 89 a4 24 f0 00 00 00 48 63 c3 33 db
0x00007ff9270b8c63:   4c 89 b4 24 f8 00 00 00 4c 89 bc 24 b0 00 00 00
0x00007ff9270b8c73:   48 89 44 24 68 48 89 74 24 40 0f 1f 00 0f b6 07
0x00007ff9270b8c83:   84 c0 74 12 3c 3b 74 0e 0f b6 44 2b 01 48 ff c3
0x00007ff9270b8c93:   ff c6 84 c0 75 ee 48 8d 54 24 38 48 c7 44 24 38
0x00007ff9270b8ca3:   00 00 00 00 48 8d 4c 24 60 e8 5f af 0f 00 48 8b
0x00007ff9270b8cb3:   44 24 38 33 d2 4c 8b b0 78 02 00 00 49 8b 46 18
0x00007ff9270b8cc3:   4d 8b 66 10 48 89 44 24 50 49 8b 46 20 48 89 44
0x00007ff9270b8cd3:   24 58 49 8b 46 28 48 89 44 24 48 8b c6 41 2b c5
0x00007ff9270b8ce3:   48 63 f8 48 8d 4f 01 e8 71 40 4b 00 49 63 d5 4c
0x00007ff9270b8cf3:   8b c7 48 03 d5 48 8b c8 4c 8b f8 ff 15 9c 9b 61
0x00007ff9270b8d03:   00 48 8b cb 48 2b 4c 24 40 80 7c 24 30 00 42 c6 



---------------  P R O C E S S  ---------------

Threads class SMR info:
_java_thread_list=0x0000022710312ca0, length=0, elements={
}

Java Threads: ( => current thread )

Other Threads:

=>0x0000022712405000 (exited) JavaThread "Unknown thread" [_thread_in_vm, id=43272, stack(0x000000a5ae000000,0x000000a5ae100000)]

Threads with active compile tasks:

VM state:not at safepoint (not fully initialized)

VM Mutex/Monitor currently owned by a thread: None


[error occurred during error reporting (printing compressed oops mode), id 0xc0000005, EXCEPTION_ACCESS_VIOLATION (0xc0000005) at pc=0x00007ff9276770c7]

Deoptimization events (0 events):
No events

Classes redefined (0 events):
No events

Internal exceptions (0 events):
No events

Events (1 events):
Event: 0.035 Loaded shared library C:\Program Files\Microsoft\jdk-11.0.20.8-hotspot\bin\zip.dll


Dynamic libraries:
0x00007ff618c20000 - 0x00007ff618c27000 	C:\Program Files\Microsoft\jdk-11.0.20.8-hotspot\bin\keytool.exe
0x00007ff9c7830000 - 0x00007ff9c7a47000 	C:\WINDOWS\SYSTEM32\ntdll.dll
0x00007ff9c59c0000 - 0x00007ff9c5a84000 	C:\WINDOWS\System32\KERNEL32.DLL
0x00007ff9c4bf0000 - 0x00007ff9c4f96000 	C:\WINDOWS\System32\KERNELBASE.dll
0x00007ff9c5200000 - 0x00007ff9c5311000 	C:\WINDOWS\System32\ucrtbase.dll
0x00007ff9ae580000 - 0x00007ff9ae595000 	C:\Program Files\Microsoft\jdk-11.0.20.8-hotspot\bin\VCRUNTIME140.dll
0x00007ff9ae650000 - 0x00007ff9ae667000 	C:\Program Files\Microsoft\jdk-11.0.20.8-hotspot\bin\jli.dll
0x00007ff9c6920000 - 0x00007ff9c6ace000 	C:\WINDOWS\System32\USER32.dll
0x00007ff9c4fa0000 - 0x00007ff9c4fc6000 	C:\WINDOWS\System32\win32u.dll
0x00007ff9c66c0000 - 0x00007ff9c66e9000 	C:\WINDOWS\System32\GDI32.dll
0x00007ff9c50e0000 - 0x00007ff9c51f8000 	C:\WINDOWS\System32\gdi32full.dll
0x00007ff9c5040000 - 0x00007ff9c50da000 	C:\WINDOWS\System32\msvcp_win.dll
0x00007ff9a6ba0000 - 0x00007ff9a6e33000 	C:\WINDOWS\WinSxS\amd64_microsoft.windows.common-controls_6595b64144ccf1df_6.0.22621.2506_none_270c5ae97388e100\COMCTL32.dll
0x00007ff9c64c0000 - 0x00007ff9c6567000 	C:\WINDOWS\System32\msvcrt.dll
0x00007ff9c7280000 - 0x00007ff9c72b1000 	C:\WINDOWS\System32\IMM32.DLL
0x00007ff95a0b0000 - 0x00007ff95a14b000 	C:\Program Files\Microsoft\jdk-11.0.20.8-hotspot\bin\msvcp140.dll
0x00007ff926ee0000 - 0x00007ff927a76000 	C:\Program Files\Microsoft\jdk-11.0.20.8-hotspot\bin\server\jvm.dll
0x00007ff9c76b0000 - 0x00007ff9c7763000 	C:\WINDOWS\System32\ADVAPI32.dll
0x00007ff9c71d0000 - 0x00007ff9c7278000 	C:\WINDOWS\System32\sechost.dll
0x00007ff9c5320000 - 0x00007ff9c5348000 	C:\WINDOWS\System32\bcrypt.dll
0x00007ff9c6f50000 - 0x00007ff9c7067000 	C:\WINDOWS\System32\RPCRT4.dll
0x00007ff9c59b0000 - 0x00007ff9c59b8000 	C:\WINDOWS\System32\PSAPI.DLL
0x00007ff9b6210000 - 0x00007ff9b6244000 	C:\WINDOWS\SYSTEM32\WINMM.dll
0x00007ff9b7810000 - 0x00007ff9b781a000 	C:\WINDOWS\SYSTEM32\VERSION.dll
0x00007ff99a980000 - 0x00007ff99a989000 	C:\WINDOWS\SYSTEM32\WSOCK32.dll
0x00007ff9c6440000 - 0x00007ff9c64b1000 	C:\WINDOWS\System32\ws2_32.DLL
0x00007ff9c3ca0000 - 0x00007ff9c3cb8000 	C:\WINDOWS\SYSTEM32\kernel.appcore.dll
0x00007ff9ae4e0000 - 0x00007ff9ae4f0000 	C:\Program Files\Microsoft\jdk-11.0.20.8-hotspot\bin\verify.dll
0x00007ff9c2370000 - 0x00007ff9c25a3000 	C:\WINDOWS\SYSTEM32\DBGHELP.DLL
0x00007ff9c7320000 - 0x00007ff9c76a9000 	C:\WINDOWS\System32\combase.dll
0x00007ff9c6570000 - 0x00007ff9c6647000 	C:\WINDOWS\System32\OLEAUT32.dll
0x00007ff9b5830000 - 0x00007ff9b5862000 	C:\WINDOWS\SYSTEM32\dbgcore.DLL
0x00007ff9c4b70000 - 0x00007ff9c4bea000 	C:\WINDOWS\System32\bcryptPrimitives.dll
0x00007ff9a0c80000 - 0x00007ff9a0ca8000 	C:\Program Files\Microsoft\jdk-11.0.20.8-hotspot\bin\java.dll
0x00007ff9ae4d0000 - 0x00007ff9ae4da000 	C:\Program Files\Microsoft\jdk-11.0.20.8-hotspot\bin\jimage.dll
0x00007ff9a0c60000 - 0x00007ff9a0c78000 	C:\Program Files\Microsoft\jdk-11.0.20.8-hotspot\bin\zip.dll

dbghelp: loaded successfully - version: 4.0.5 - missing functions: none
symbol engine: initialized successfully - sym options: 0x614 - pdb path: .;C:\Program Files\Microsoft\jdk-11.0.20.8-hotspot\bin;C:\WINDOWS\SYSTEM32;C:\WINDOWS\WinSxS\amd64_microsoft.windows.common-controls_6595b64144ccf1df_6.0.22621.2506_none_270c5ae97388e100;C:\Program Files\Microsoft\jdk-11.0.20.8-hotspot\bin\server

VM Arguments:
jvm_args: -Dapplication.home=C:\Program Files\Microsoft\jdk-11.0.20.8-hotspot -Xms8m -Djdk.module.main=java.base 
java_command: java.base/sun.security.tools.keytool.Main -list -v -alias androiddebugkey -keystore path-to-debug-or-production-keystore
java_class_path (initial): <not set>
Launcher Type: SUN_STANDARD

[Global flags]
     uint G1ConcRefinementThreads                  = 8                                         {product} {ergonomic}
    uintx GCDrainStackTargetSize                   = 64                                        {product} {ergonomic}
   size_t InitialHeapSize                          = 8388608                                   {product} {command line}
   size_t MaxHeapSize                              = 4214050816                                {product} {ergonomic}
    uintx ReservedCodeCacheSize                    = 251658240                              {pd product} {ergonomic}
     bool SegmentedCodeCache                       = true                                      {product} {ergonomic}
     bool UseCompressedClassPointers               = true                                 {lp64_product} {ergonomic}
     bool UseCompressedOops                        = true                                 {lp64_product} {ergonomic}
     bool UseG1GC                                  = true                                      {product} {ergonomic}
     bool UseLargePagesIndividualAllocation        = false                                  {pd product} {ergonomic}

Logging:
Log output configuration:
 #0: stdout all=warning uptime,level,tags
 #1: stderr all=off uptime,level,tags

Environment Variables:
JAVA_HOME=C:\Program Files\Java\jdk-17
PATH=C:\Users\pltdu\bin;C:\Program Files\Git\mingw64\bin;C:\Program Files\Git\usr\local\bin;C:\Program Files\Git\usr\bin;C:\Program Files\Git\usr\bin;C:\Program Files\Git\mingw64\bin;C:\Program Files\Git\usr\bin;C:\Users\pltdu\bin;C:\Program Files\Common Files\Oracle\Java\javapath;C:\Program Files\Microsoft\jdk-11.0.20.8-hotspot\bin;C:\app\pltdu\product\21c\dbhomeXE\bin;C:\Program Files (x86)\Microsoft SDKs\Azure\CLI2\wbin;C:\Windows\system32;C:\Windows;C:\Windows\System32\Wbem;C:\Windows\System32\WindowsPowerShell\v1.0;C:\Windows\System32\OpenSSH;C:\Program Files (x86)\NVIDIA Corporation\PhysX\Common;C:\Program Files\NVIDIA Corporation\NVIDIA NvDLISR;C:\WINDOWS\system32;C:\WINDOWS;C:\WINDOWS\System32\Wbem;C:\WINDOWS\System32\WindowsPowerShell\v1.0;C:\WINDOWS\System32\OpenSSH;C:\Program Files\dotnet;C:\Program Files\Git\cmd;C:\Program Files\Microsoft SQL Server\150\Tools\Binn;C:\Program Files\Microsoft SQL Server\Client SDK\ODBC\170\Tools\Binn;C:\ProgramData\chocolatey\bin;C:\Program Files\nodejs;C:\Program Files\Microsoft\jdk-11.0.20.8-hotspot\bin;C:\Users\pltdu\AppData\Local\Android\Sdk\platform-tools;C:\Users\pltdu\AppData\Local\Android\Sdk\tools;C:\Users\pltdu\AppData\Local\jdk-11.0.2\bin;C:\Users\pltdu\AppData\Local\Android\Sdk\platform-tools;C:\Users\pltdu\AppData\Local\Android\Sdk\tools;C:\Users\pltdu\AppData\Local\jdk-11.0.2\bin;C:\Users\pltdu\AppData\Local\Microsoft\WindowsApps;C:\Users\pltdu\AppData\Local\Programs\Microsoft VS Code\bin;C:\Users\pltdu\AppData\Local\GitHubDesktop\bin;C:\Users\pltdu\.dotnet\tools;C:\Users\pltdu\AppData\Roaming\npm;C:\Users\pltdu\AppData\Local\Android\Sdk\platform-tools;C:\Program Files\Git\usr\bin\vendor_perl;C:\Program Files\Git\usr\bin\core_perl
USERNAME=pltdu
SHELL=C:\Program Files\Git\usr\bin\bash.exe
DISPLAY=needs-to-be-defined
LANG=en_US.UTF-8
TERM=xterm-256color
TMPDIR=C:\Users\pltdu\AppData\Local\Temp
OS=Windows_NT
PROCESSOR_IDENTIFIER=Intel64 Family 6 Model 140 Stepping 1, GenuineIntel
TMP=C:\Users\pltdu\AppData\Local\Temp
TEMP=C:\Users\pltdu\AppData\Local\Temp



---------------  S Y S T E M  ---------------

OS: Windows 11 , 64 bit Build 22621 (10.0.22621.3085)
OS uptime: 0 days 18:06 hours

CPU:total 8 (initial active 8) 

Memory: 4k page, system-wide physical 16075M (1220M free)
TotalPageFile size 36368M (AvailPageFile size 5305M)
current process WorkingSet (physical memory assigned to process): 9M, peak: 9M
current process commit charge ("private bytes"): 3M, peak: 3M

vm_info: OpenJDK 64-Bit Server VM (11.0.20+8-LTS) for windows-amd64 JRE (11.0.20+8-LTS), built on Jul  7 2023 17:05:21 by "MicrosoftCorporation" with MS VC++ 15.9 (VS2017)

END.
